     1                                  ; Andrew Ellington
     2                                  ; CSC323 Program 2
     3                                  ; 9/30/22
     4                                  ; addition
     5                                  
     6                                  
     7                                  SECTION .data
     8                                  
     9                                  
    10                                  SECTION .bss
    11                                  
    12                                  
    13                                  SECTION .text
    14                                  global _main
    15                                  _main:
    16                                  
    17 00000000 66B84602                mov AX, 0246h
    18 00000004 66BBABDC                mov BX, 0DCABh
    19 00000008 6601D8                  add AX, BX
    20 0000000B 66B8CDAB                mov AX, 0ABCDh
    21 0000000F 6601D8                  add AX, BX
    22 00000012 66B8FFFF                mov AX, 0FFFFh
    23 00000016 66BB0100                mov BX, 0001h
    24 0000001A 6601D8                  add AX, BX
    25 0000001D 66B80F0F                mov AX, 0F0Fh
    26 00000021 6689D8                  mov AX, BX
    27 00000024 6601D8                  add AX, BX
    28 00000027 66B86824                mov AX, 2468h
    29 0000002B 6689D8                  mov AX, BX
    30 0000002E 6601D8                  add AX, BX
    31 00000031 66B8FF7F                mov AX, 7FFFh
    32 00000035 66BB0100                mov BX, 0001h
    33 00000039 6601D8                  add AX, BX
    34 0000003C 66B8CDAB                mov AX, 0ABCDh
    35 00000040 66BBDCFE                mov BX, 0FEDCh
    36 00000044 6601D8                  add AX, BX
    37 00000047 66B80B0B                mov AX, 0B0Bh
    38 0000004B 66BB1EA1                mov BX, 0A11Eh
    39 0000004F 6601D8                  add AX, BX
    40 00000052 66B8FF7F                mov AX, 7FFFh
    41 00000056 6689D8                  mov AX, BX
    42 00000059 6601D8                  add AX, BX
    43 0000005C 66B80080                mov AX, 8000h
    44 00000060 6689D8                  mov AX, BX
    45 00000063 6601D8                  add AX, BX
    46                                  
    47                                  
    48                                  
    49                                  
    50                                  
    51                                  
    52 00000066 B801000000              mov eax, 1
    53 0000006B BB00000000              mov ebx, 0
    54 00000070 CD80                    int 80h
