     1                                  ; Andrew Ellington
     2                                  ; Program 1
     3                                  ; 9/22/2022
     4                                  ; I have a procrastination problem 
     5                                  
     6                                  SECTION .data
     7 00000000 02000400060008000A-     a1 DW 2,4,6,8,10
     8 00000009 00                 
     9 0000000A 0102030405              b1 DB 1,2,3,4,5
    10 0000000F 0A000000140000001E-     c1 DD 10,20,30,40
    11 00000018 00000028000000     
    12 0000001F 100000000000000011-     d1 DQ 10h,11h,12h,13h
    13 00000028 000000000000001200-
    14 00000031 000000000000130000-
    15 0000003A 0000000000         
    16                                  
    17 0000003F CEFF                    a2 DW -50
    18 00000041 D3                      b2 DB -45
    19 00000042 E2FF                    c2 DW -30
    20 00000044 E7                      d2 DB -25
    21 00000045 ECFF                    e2 DW -20
    22                                  
    23 00000047 64                      a3 DB 100
    24 00000048 0001                    b3 DW 100h
    25 0000004A 04000000                c3 DD 100b
    26 0000004E 4000                    d3 DW 100q
    27 00000050 64                      e3 DB 100d
    28                                  
    29                                  SECTION .bss
    30                                  
    31                                  SECTION .text
    32                                  global _main
    33                                  _main
    34                                  
    35 00000000 B801000000              mov eax, 1
    36 00000005 BB00000000              mov ebx, 0
    37 0000000A CD80                    int 80h
