     1                                  ; Andrew Ellington
     2                                  ; Program 8
     3                                  ; 11/18/22
     4                                  ; Reversing array
     5                                  
     6                                  SECTION .data
     7                                  ; define data/variables here.  Think DB, DW, DD, DQ
     8 00000000 010000000200000003-     array1: dd      1,2,3,4,5
     9 00000009 000000040000000500-
    10 00000012 0000               
    11                                  len1:   EQU     ($-array1)
    12 00000014 F6FFFFFFF7FFFFFFF8-     array2: dd      -10, -9,-8,-7,-6,-5,-4,-3,-2,-1,0,1,2,3,4,5,6,7,8,9
    13 0000001D FFFFFFF9FFFFFFFAFF-
    14 00000026 FFFFFBFFFFFFFCFFFF-
    15 0000002F FFFDFFFFFFFEFFFFFF-
    16 00000038 FFFFFFFF0000000001-
    17 00000041 000000020000000300-
    18 0000004A 000004000000050000-
    19 00000053 000600000007000000-
    20 0000005C 0800000009000000   
    21                                  len2:   EQU     ($-array2)
    22                                  
    23                                  
    24 00000064 000000000A00000014-     array3: dd  0,10,20,30,40,50,60,70,80,90
    25 0000006D 0000001E0000002800-
    26 00000076 0000320000003C0000-
    27 0000007F 004600000050000000-
    28 00000088 5A000000           
    29 0000008C 640000006E00000078-       dd  100,110,120,130,140,150,160,170,180,190
    30 00000095 000000820000008C00-
    31 0000009E 000096000000A00000-
    32 000000A7 00AA000000B4000000-
    33 000000B0 BE000000           
    34 000000B4 C8000000D2000000DC-       dd  200,210,220,230,240,250,260,270,280,290
    35 000000BD 000000E6000000F000-
    36 000000C6 0000FA000000040100-
    37 000000CF 000E01000018010000-
    38 000000D8 22010000           
    39 000000DC 2C0100003601000040-       dd  300,310,320,330,340,350,360,370,380,390
    40 000000E5 0100004A0100005401-
    41 000000EE 00005E010000680100-
    42 000000F7 00720100007C010000-
    43 00000100 86010000           
    44 00000104 900100009A010000A4-       dd  400,410,420,430,440,450,460,470,480,490,500
    45 0000010D 010000AE010000B801-
    46 00000116 0000C2010000CC0100-
    47 0000011F 00D6010000E0010000-
    48 00000128 EA010000F4010000   
    49                                  len3:   EQU     ($-array3)
    50                                  
    51                                  SECTION .bss
    52                                  ; define uninitialized data here
    53                                  
    54                                  
    55                                  SECTION .text
    56                                  global _main
    57                                  _main:
    58                                  
    59 00000000 B8[00000000]            mov eax, array1
    60 00000005 B914000000              mov ecx, len1
    61                                  
    62 0000000A E81E000000              call rev
    63                                  
    64 0000000F B8[14000000]            mov eax, array2
    65 00000014 B950000000              mov ecx, len2
    66                                  
    67 00000019 E80F000000              call rev
    68                                  
    69 0000001E B8[64000000]            mov eax, array3
    70 00000023 B9CC000000              mov ecx, len3
    71                                  
    72 00000028 E800000000              call rev
    73                                  
    74                                  rev:
    75                                  
    76                                  pushon:
    77 0000002D FF30                    push dword [eax]
    78 0000002F 83C004                  add eax, 4
    79                                  
    80 00000032 E2F9                    loop pushon
    81                                  
    82                                  popoff:
    83 00000034 8F00                    pop dword [eax]
    84 00000036 83C004                  add eax, 4
    85                                  
    86 00000039 E2F9                    loop popoff
    87                                  
    88 0000003B C3                      ret
    89                                  
    90                                  
    91                                  
    92                                  
    93                                  
    94                                  
    95                                  
    96                                  lastBreak:
    97                                  ; put your code here.
    98                                  
    99                                  
   100                                  
   101                                  ; Normal termination code
   102 0000003C B801000000              mov eax, 1
   103 00000041 BB00000000              mov ebx, 0
   104 00000046 CD80                    int 80h
